$ strace java -jar ksplice-pid-problem-1.0.0.jar
execve("/bin/java", ["java", "-jar", "ksplice-pid-problem-1.0.0.jar"], [/* 20 vars */]) = 0
brk(NULL)                               = 0x2092000
mmap(NULL, 4096, PROT_READ|PROT_WRITE, MAP_PRIVATE|MAP_ANONYMOUS, -1, 0) = 0x7f682befd000
readlink("/proc/self/exe", "/usr/java/jdk1.8.0_152/jre/bin/j"..., 4096) = 35
access("/etc/ld.so.preload", R_OK)      = -1 ENOENT (No such file or directory)
open("/usr/java/jdk1.8.0_152/jre/bin/../lib/amd64/jli/tls/x86_64/libpthread.so.0", O_RDONLY|O_CLOEXEC) = -1 ENOENT (No such file or directory)
stat("/usr/java/jdk1.8.0_152/jre/bin/../lib/amd64/jli/tls/x86_64", 0x7ffe00fc91a0) = -1 ENOENT (No such file or directory)
open("/usr/java/jdk1.8.0_152/jre/bin/../lib/amd64/jli/tls/libpthread.so.0", O_RDONLY|O_CLOEXEC) = -1 ENOENT (No such file or directory)
stat("/usr/java/jdk1.8.0_152/jre/bin/../lib/amd64/jli/tls", 0x7ffe00fc91a0) = -1 ENOENT (No such file or directory)
open("/usr/java/jdk1.8.0_152/jre/bin/../lib/amd64/jli/x86_64/libpthread.so.0", O_RDONLY|O_CLOEXEC) = -1 ENOENT (No such file or directory)
stat("/usr/java/jdk1.8.0_152/jre/bin/../lib/amd64/jli/x86_64", 0x7ffe00fc91a0) = -1 ENOENT (No such file or directory)
open("/usr/java/jdk1.8.0_152/jre/bin/../lib/amd64/jli/libpthread.so.0", O_RDONLY|O_CLOEXEC) = -1 ENOENT (No such file or directory)
stat("/usr/java/jdk1.8.0_152/jre/bin/../lib/amd64/jli", {st_mode=S_IFDIR|0755, st_size=22, ...}) = 0
open("/usr/java/jdk1.8.0_152/jre/bin/../lib/amd64/tls/x86_64/libpthread.so.0", O_RDONLY|O_CLOEXEC) = -1 ENOENT (No such file or directory)
stat("/usr/java/jdk1.8.0_152/jre/bin/../lib/amd64/tls/x86_64", 0x7ffe00fc91a0) = -1 ENOENT (No such file or directory)
open("/usr/java/jdk1.8.0_152/jre/bin/../lib/amd64/tls/libpthread.so.0", O_RDONLY|O_CLOEXEC) = -1 ENOENT (No such file or directory)
stat("/usr/java/jdk1.8.0_152/jre/bin/../lib/amd64/tls", 0x7ffe00fc91a0) = -1 ENOENT (No such file or directory)
open("/usr/java/jdk1.8.0_152/jre/bin/../lib/amd64/x86_64/libpthread.so.0", O_RDONLY|O_CLOEXEC) = -1 ENOENT (No such file or directory)
stat("/usr/java/jdk1.8.0_152/jre/bin/../lib/amd64/x86_64", 0x7ffe00fc91a0) = -1 ENOENT (No such file or directory)
open("/usr/java/jdk1.8.0_152/jre/bin/../lib/amd64/libpthread.so.0", O_RDONLY|O_CLOEXEC) = -1 ENOENT (No such file or directory)
stat("/usr/java/jdk1.8.0_152/jre/bin/../lib/amd64", {st_mode=S_IFDIR|0755, st_size=4096, ...}) = 0
open("/etc/ld.so.cache", O_RDONLY|O_CLOEXEC) = 3
fstat(3, {st_mode=S_IFREG|0644, st_size=25614, ...}) = 0
mmap(NULL, 25614, PROT_READ, MAP_PRIVATE, 3, 0) = 0x7f682bef6000
close(3)                                = 0
open("/lib64/libpthread.so.0", O_RDONLY|O_CLOEXEC) = 3
read(3, "\177ELF\2\1\1\0\0\0\0\0\0\0\0\0\3\0>\0\1\0\0\0\0m\0\0\0\0\0\0"..., 832) = 832
fstat(3, {st_mode=S_IFREG|0755, st_size=144792, ...}) = 0
mmap(NULL, 2208904, PROT_READ|PROT_EXEC, MAP_PRIVATE|MAP_DENYWRITE, 3, 0) = 0x7f682bac1000
mprotect(0x7f682bad8000, 2093056, PROT_NONE) = 0
mmap(0x7f682bcd7000, 8192, PROT_READ|PROT_WRITE, MAP_PRIVATE|MAP_FIXED|MAP_DENYWRITE, 3, 0x16000) = 0x7f682bcd7000
mmap(0x7f682bcd9000, 13448, PROT_READ|PROT_WRITE, MAP_PRIVATE|MAP_FIXED|MAP_ANONYMOUS, -1, 0) = 0x7f682bcd9000
close(3)                                = 0
open("/usr/java/jdk1.8.0_152/jre/bin/../lib/amd64/jli/libjli.so", O_RDONLY|O_CLOEXEC) = 3
read(3, "\177ELF\2\1\1\0\0\0\0\0\0\0\0\0\3\0>\0\1\0\0\0\20#\0\0\0\0\0\0"..., 832) = 832
fstat(3, {st_mode=S_IFREG|0755, st_size=103427, ...}) = 0
mmap(NULL, 4096, PROT_READ|PROT_WRITE, MAP_PRIVATE|MAP_ANONYMOUS, -1, 0) = 0x7f682bef5000
mmap(NULL, 2185832, PROT_READ|PROT_EXEC, MAP_PRIVATE|MAP_DENYWRITE, 3, 0) = 0x7f682b8ab000
mprotect(0x7f682b8c1000, 2093056, PROT_NONE) = 0
mmap(0x7f682bac0000, 4096, PROT_READ|PROT_WRITE, MAP_PRIVATE|MAP_FIXED|MAP_DENYWRITE, 3, 0x15000) = 0x7f682bac0000
close(3)                                = 0
open("/usr/java/jdk1.8.0_152/jre/bin/../lib/amd64/jli/libdl.so.2", O_RDONLY|O_CLOEXEC) = -1 ENOENT (No such file or directory)
open("/usr/java/jdk1.8.0_152/jre/bin/../lib/amd64/libdl.so.2", O_RDONLY|O_CLOEXEC) = -1 ENOENT (No such file or directory)
open("/lib64/libdl.so.2", O_RDONLY|O_CLOEXEC) = 3
read(3, "\177ELF\2\1\1\0\0\0\0\0\0\0\0\0\3\0>\0\1\0\0\0`\16\0\0\0\0\0\0"..., 832) = 832
fstat(3, {st_mode=S_IFREG|0755, st_size=19776, ...}) = 0
mmap(NULL, 2109744, PROT_READ|PROT_EXEC, MAP_PRIVATE|MAP_DENYWRITE, 3, 0) = 0x7f682b6a7000
mprotect(0x7f682b6a9000, 2097152, PROT_NONE) = 0
mmap(0x7f682b8a9000, 8192, PROT_READ|PROT_WRITE, MAP_PRIVATE|MAP_FIXED|MAP_DENYWRITE, 3, 0x2000) = 0x7f682b8a9000
close(3)                                = 0
open("/usr/java/jdk1.8.0_152/jre/bin/../lib/amd64/jli/libc.so.6", O_RDONLY|O_CLOEXEC) = -1 ENOENT (No such file or directory)
open("/usr/java/jdk1.8.0_152/jre/bin/../lib/amd64/libc.so.6", O_RDONLY|O_CLOEXEC) = -1 ENOENT (No such file or directory)
open("/lib64/libc.so.6", O_RDONLY|O_CLOEXEC) = 3
read(3, "\177ELF\2\1\1\3\0\0\0\0\0\0\0\0\3\0>\0\1\0\0\0\20\35\2\0\0\0\0\0"..., 832) = 832
fstat(3, {st_mode=S_IFREG|0755, st_size=2127336, ...}) = 0
mmap(NULL, 3940800, PROT_READ|PROT_EXEC, MAP_PRIVATE|MAP_DENYWRITE, 3, 0) = 0x7f682b2e4000
mprotect(0x7f682b49c000, 2097152, PROT_NONE) = 0
mmap(0x7f682b69c000, 24576, PROT_READ|PROT_WRITE, MAP_PRIVATE|MAP_FIXED|MAP_DENYWRITE, 3, 0x1b8000) = 0x7f682b69c000
mmap(0x7f682b6a2000, 16832, PROT_READ|PROT_WRITE, MAP_PRIVATE|MAP_FIXED|MAP_ANONYMOUS, -1, 0) = 0x7f682b6a2000
close(3)                                = 0
mmap(NULL, 4096, PROT_READ|PROT_WRITE, MAP_PRIVATE|MAP_ANONYMOUS, -1, 0) = 0x7f682bef4000
mmap(NULL, 8192, PROT_READ|PROT_WRITE, MAP_PRIVATE|MAP_ANONYMOUS, -1, 0) = 0x7f682bef2000
arch_prctl(ARCH_SET_FS, 0x7f682bef2740) = 0
mprotect(0x7f682b69c000, 16384, PROT_READ) = 0
mprotect(0x7f682b8a9000, 4096, PROT_READ) = 0
mprotect(0x7f682bcd7000, 4096, PROT_READ) = 0
mprotect(0x7f682befe000, 4096, PROT_READ) = 0
munmap(0x7f682bef6000, 25614)           = 0
set_tid_address(0x7f682bef2a10)         = 22654
set_robust_list(0x7f682bef2a20, 24)     = 0
rt_sigaction(SIGRTMIN, {0x7f682bac77e0, [], SA_RESTORER|SA_SIGINFO, 0x7f682bad05e0}, NULL, 8) = 0
rt_sigaction(SIGRT_1, {0x7f682bac7870, [], SA_RESTORER|SA_RESTART|SA_SIGINFO, 0x7f682bad05e0}, NULL, 8) = 0
rt_sigprocmask(SIG_UNBLOCK, [RTMIN RT_1], NULL, 8) = 0
getrlimit(RLIMIT_STACK, {rlim_cur=8192*1024, rlim_max=RLIM64_INFINITY}) = 0
brk(NULL)                               = 0x2092000
brk(0x20b3000)                          = 0x20b3000
brk(NULL)                               = 0x20b3000
open("ksplice-pid-problem-1.0.0.jar", O_RDONLY)    = 3
mmap(NULL, 200704, PROT_READ|PROT_WRITE, MAP_PRIVATE|MAP_ANONYMOUS, -1, 0) = 0x7f682bec1000
lseek(3, -22, SEEK_END)                 = 2521609
read(3, "PK\5\6\0\0\0\0\342\5\342\5)\374\1\0\340}$\0\0\0", 22) = 22
lseek(3, 2391520, SEEK_SET)             = 2391520
read(3, "PK\1\2\24\0\24\0\10\10\10\0002\6cL\0\0\0\0\2\0\0\0\0\0\0\0\t\0\4\0"..., 1024) = 1024
lseek(3, 61, SEEK_SET)                  = 61
read(3, "PK\3\4\24\0\10\10\10\0002\6cL\0\0\0\0\0\0\0\0\0\0\0\0\24\0\0\0", 30) = 30
munmap(0x7f682bec1000, 200704)          = 0
lseek(3, 111, SEEK_SET)                 = 111
read(3, "\363M\314\313LK-.\321\rK-*\316\314\317\263R0\3243\340\345r*\315\314)\321u\252\264"..., 122) = 122
close(3)                                = 0
readlink("/proc/self/exe", "/usr/java/jdk1.8.0_152/jre/bin/j"..., 4096) = 35
access("/usr/java/jdk1.8.0_152/jre/lib/amd64/libjava.so", F_OK) = 0
open("/usr/java/jdk1.8.0_152/jre/lib/amd64/jvm.cfg", O_RDONLY) = 3
fstat(3, {st_mode=S_IFREG|0644, st_size=627, ...}) = 0
mmap(NULL, 4096, PROT_READ|PROT_WRITE, MAP_PRIVATE|MAP_ANONYMOUS, -1, 0) = 0x7f682befc000
read(3, "# Copyright (c) 2003, 2013, Orac"..., 4096) = 627
read(3, "", 4096)                       = 0
close(3)                                = 0
munmap(0x7f682befc000, 4096)            = 0
stat("/usr/java/jdk1.8.0_152/jre/lib/amd64/server/libjvm.so", {st_mode=S_IFREG|0755, st_size=17040347, ...}) = 0
futex(0x7f682b8aa0d0, FUTEX_WAKE_PRIVATE, 2147483647) = 0
open("/usr/java/jdk1.8.0_152/jre/lib/amd64/server/libjvm.so", O_RDONLY|O_CLOEXEC) = 3
read(3, "\177ELF\2\1\1\0\0\0\0\0\0\0\0\0\3\0>\0\1\0\0\0\260\6\"\0\0\0\0\0"..., 832) = 832
fstat(3, {st_mode=S_IFREG|0755, st_size=17040347, ...}) = 0
mmap(NULL, 16759560, PROT_READ|PROT_EXEC, MAP_PRIVATE|MAP_DENYWRITE, 3, 0) = 0x7f682a2e8000
mprotect(0x7f682afc0000, 2093056, PROT_NONE) = 0
mmap(0x7f682b1bf000, 892928, PROT_READ|PROT_WRITE, MAP_PRIVATE|MAP_FIXED|MAP_DENYWRITE, 3, 0xcd7000) = 0x7f682b1bf000
mmap(0x7f682b299000, 305928, PROT_READ|PROT_WRITE, MAP_PRIVATE|MAP_FIXED|MAP_ANONYMOUS, -1, 0) = 0x7f682b299000
close(3)                                = 0
open("/usr/java/jdk1.8.0_152/jre/bin/../lib/amd64/jli/libm.so.6", O_RDONLY|O_CLOEXEC) = -1 ENOENT (No such file or directory)
open("/usr/java/jdk1.8.0_152/jre/bin/../lib/amd64/libm.so.6", O_RDONLY|O_CLOEXEC) = -1 ENOENT (No such file or directory)
open("/etc/ld.so.cache", O_RDONLY|O_CLOEXEC) = 3
fstat(3, {st_mode=S_IFREG|0644, st_size=25614, ...}) = 0
mmap(NULL, 25614, PROT_READ, MAP_PRIVATE, 3, 0) = 0x7f682bef6000
close(3)                                = 0
open("/lib64/libm.so.6", O_RDONLY|O_CLOEXEC) = 3
read(3, "\177ELF\2\1\1\3\0\0\0\0\0\0\0\0\3\0>\0\1\0\0\0pS\0\0\0\0\0\0"..., 832) = 832
fstat(3, {st_mode=S_IFREG|0755, st_size=1139680, ...}) = 0
mmap(NULL, 3150136, PROT_READ|PROT_EXEC, MAP_PRIVATE|MAP_DENYWRITE, 3, 0) = 0x7f6829fe6000
mprotect(0x7f682a0e7000, 2093056, PROT_NONE) = 0
mmap(0x7f682a2e6000, 8192, PROT_READ|PROT_WRITE, MAP_PRIVATE|MAP_FIXED|MAP_DENYWRITE, 3, 0x100000) = 0x7f682a2e6000
close(3)                                = 0
mprotect(0x7f682a2e6000, 4096, PROT_READ) = 0
stat("/etc/sysconfig/64bit_strstr_via_64bit_strstr_sse2_unaligned", {st_mode=S_IFREG|0644, st_size=0, ...}) = 0
munmap(0x7f682bef6000, 25614)           = 0
mmap(NULL, 1052672, PROT_READ|PROT_WRITE, MAP_PRIVATE|MAP_ANONYMOUS|MAP_STACK, -1, 0) = 0x7f682bdf1000
mprotect(0x7f682bdf1000, 4096, PROT_NONE) = 0
clone(child_stack=0x7f682bef0fb0, flags=CLONE_VM|CLONE_FS|CLONE_FILES|CLONE_SIGHAND|CLONE_THREAD|CLONE_SYSVSEM|CLONE_SETTLS|CLONE_PARENT_SETTID|CLONE_CHILD_CLEARTID, parent_tidptr=0x7f682bef19d0, tls=0x7f682bef1700, child_tidptr=0x7f682bef19d0) = 22655
futex(0x7f682bef19d0, FUTEX_WAIT, 22655, NULL22654
) = 0
exit_group(0)                           = ?
+++ exited with 0 +++
